Arguments: 
  C:\Program Files\nodejs\node.exe C:\Users\zihao.zhu\AppData\Roaming\npm\node_modules\yarn\bin\yarn.js add @babel/runtime-corejs3

PATH: 
  C:\Users\zihao.zhu\Desktop\cmder\vendor\bin;C:\Program Files (x86)\Common Files\Oracle\Java\javapath;C:\Windows\system32;C:\Windows;C:\Windows\System32\Wbem;C:\Windows\System32\WindowsPowerShell\v1.0\;C:\Windows\System32\OpenSSH\;%TFSPowerToolDir%;%BPADir%;C:\Windows\CCM;C:\Windows\CCM;C:\Program Files\nodejs\;C:\Program Files\Microsoft SQL Server\120\Tools\Binn\;C:\Program Files\Microsoft SQL Server\130\Tools\Binn\;C:\Program Files\dotnet\;C:\Program Files\Microsoft SQL Server\Client SDK\ODBC\170\Tools\Binn\;C:\Program Files (x86)\Microsoft SQL Server\100\Tools\Binn\;C:\Program Files\Microsoft SQL Server\100\Tools\Binn\;C:\Program Files\Microsoft SQL Server\100\DTS\Binn\;C:\Program Files\TortoiseGit\bin;C:\Program Files (x86)\Tencent\微信web开发者工具\dll;C:\Program Files\CMake\bin;C:\Program Files (x86)\NVIDIA Corporation\PhysX\Common;C:\Program Files\NVIDIA Corporation\NVIDIA NvDLISR;C:\Program Files (x86)\dotnet\;C:\Users\zihao.zhu\.cargo\bin;C:\Users\zihao.zhu\AppData\Local\Yarn\bin;C:\Users\zihao.zhu\AppData\Roaming\npm;C:\Users\zihao.zhu\Desktop\cmder\vendor\git-for-windows\cmd;C:\Users\zihao.zhu\AppData\Local\Microsoft\WindowsApps;c:\program files\esafenet\cobra docguard client;C:\Users\zihao.zhu\.dotnet\tools;C:\Python26;C:\Users\zihao.zhu\AppData\Local\Programs\Python\Python39\Scripts;C:\ProgramData\Anaconda3\Scripts;C:\Users\zihao.zhu\AppData\Local\Programs\Microsoft VS Code\bin;C:\Users\zihao.zhu\AppData\Local\Programs\Hyper\resources\bin;%ANDROID_HOME%\platform-tools;%ANDROID_HOME%\emulator;%ANDROID_HOME%\tools;%ANDROID_HOME%\tools\bin;C:\flutter\bin;C:\Program Files\7-Zip;C:\7z;C:\Windows\System32;C:\Program Files\Huawei\DevEco Studio 3.0.0.800\bin;C:\Users\zihao.zhu\Desktop\cmder\vendor\git-for-windows\mingw64\bin;C:\Users\zihao.zhu\Desktop\cmder\vendor\git-for-windows\usr\bin;C:\Users\zihao.zhu\Desktop\cmder

Yarn version: 
  1.22.17

Node version: 
  14.16.0

Platform: 
  win32 x64

Trace: 
  Error: http://nexus.uih-surgical.com/repository/npm-group/@babel/core/-/core-7.18.5.tgz: Request failed "404 Not Found"
      at ResponseError.ExtendableBuiltin (C:\Users\zihao.zhu\AppData\Roaming\npm\node_modules\yarn\lib\cli.js:696:66)
      at new ResponseError (C:\Users\zihao.zhu\AppData\Roaming\npm\node_modules\yarn\lib\cli.js:802:124)
      at Request.<anonymous> (C:\Users\zihao.zhu\AppData\Roaming\npm\node_modules\yarn\lib\cli.js:67099:16)
      at Request.emit (events.js:315:20)
      at Request.module.exports.Request.onRequestResponse (C:\Users\zihao.zhu\AppData\Roaming\npm\node_modules\yarn\lib\cli.js:141760:10)
      at ClientRequest.emit (events.js:315:20)
      at HTTPParser.parserOnIncomingClient (_http_client.js:641:27)
      at HTTPParser.parserOnHeadersComplete (_http_common.js:126:17)
      at Socket.socketOnData (_http_client.js:509:22)
      at Socket.emit (events.js:315:20)

npm manifest: 
  {
    "name": "vue-router-dispatch",
    "version": "1.0.0",
    "description": "\"# vue-router-dispatch\"",
    "main": "index.js",
    "scripts": {
      "tsc": "tsc",
      "prod": "webpack --config webpack.config.js",
      "dev": "webpack --config webpack.config.dev.js",
      "build": "tsc --watch false && webpack --config webpack.config.js && webpack --config webpack.config.dev.js"
    },
    "repository": {
      "type": "git",
      "url": "git+https://github.com/HLoveMe/vue-router-dispatch.git"
    },
    "author": "",
    "license": "ISC",
    "bugs": {
      "url": "https://github.com/HLoveMe/vue-router-dispatch/issues"
    },
    "homepage": "https://github.com/HLoveMe/vue-router-dispatch#readme",
    "dependencies": {
      "rxjs": "^7.5.5"
    },
    "devDependencies": {
      "@babel/core": "^7.16.12",
      "@babel/runtime": "^7.18.3",
      "@babel/plugin-transform-runtime": "^7.18.5",
      "@babel/plugin-proposal-optional-chaining": "^7.16.7",
      "@babel/preset-env": "^7.16.11",
      "babel-loader": "^8.2.3",
      "core-js": "^3.22.8",
      "terser-webpack-plugin": "^5.3.1",
      "ts-loader": "^9.2.7",
      "typescript": "^4.6.2",
      "vue": "^3.2.37",
      "vue-router": "^4.0.0-0",
      "webpack-cli": "^4.9.2",
      "webpack": "^5.67.0"
    }
  }

yarn manifest: 
  No manifest

Lockfile: 
  No lockfile
